Determining if the pthread_create exist failed with the following output:
Change Dir: /home/hal4dan/code/C++/paricmacher/cmake-build-debug/CMakeFiles/CMakeTmp

Run Build Command(s):/usr/bin/make cmTC_0c678/fast 
/usr/bin/make -f CMakeFiles/cmTC_0c678.dir/build.make CMakeFiles/cmTC_0c678.dir/build
make[1]: вход в каталог «/home/hal4dan/code/C++/paricmacher/cmake-build-debug/CMakeFiles/CMakeTmp»
Building C object CMakeFiles/cmTC_0c678.dir/CheckSymbolExists.c.o
/usr/bin/cc    -o CMakeFiles/cmTC_0c678.dir/CheckSymbolExists.c.o   -c /home/hal4dan/code/C++/paricmacher/cmake-build-debug/CMakeFiles/CMakeTmp/CheckSymbolExists.c
Linking C executable cmTC_0c678
/home/hal4dan/soft/clion-2019.2/bin/cmake/linux/bin/cmake -E cmake_link_script CMakeFiles/cmTC_0c678.dir/link.txt --verbose=1
/usr/bin/cc      CMakeFiles/cmTC_0c678.dir/CheckSymbolExists.c.o  -o cmTC_0c678 
CMakeFiles/cmTC_0c678.dir/CheckSymbolExists.c.o: In function `main':
CheckSymbolExists.c:(.text+0x1b): undefined reference to `pthread_create'
collect2: error: ld returned 1 exit status
CMakeFiles/cmTC_0c678.dir/build.make:86: recipe for target 'cmTC_0c678' failed
make[1]: *** [cmTC_0c678] Error 1
make[1]: выход из каталога «/home/hal4dan/code/C++/paricmacher/cmake-build-debug/CMakeFiles/CMakeTmp»
Makefile:121: recipe for target 'cmTC_0c678/fast' failed
make: *** [cmTC_0c678/fast] Error 2

File /home/hal4dan/code/C++/paricmacher/cmake-build-debug/CMakeFiles/CMakeTmp/CheckSymbolExists.c:
/* */
#include <pthread.h>

int main(int argc, char** argv)
{
  (void)argv;
#ifndef pthread_create
  return ((int*)(&pthread_create))[argc];
#else
  (void)argc;
  return 0;
#endif
}

Determining if the function pthread_create exists in the pthreads failed with the following output:
Change Dir: /home/hal4dan/code/C++/paricmacher/cmake-build-debug/CMakeFiles/CMakeTmp

Run Build Command(s):/usr/bin/make cmTC_1a9f5/fast 
/usr/bin/make -f CMakeFiles/cmTC_1a9f5.dir/build.make CMakeFiles/cmTC_1a9f5.dir/build
make[1]: вход в каталог «/home/hal4dan/code/C++/paricmacher/cmake-build-debug/CMakeFiles/CMakeTmp»
Building C object CMakeFiles/cmTC_1a9f5.dir/CheckFunctionExists.c.o
/usr/bin/cc   -DCHECK_FUNCTION_EXISTS=pthread_create   -o CMakeFiles/cmTC_1a9f5.dir/CheckFunctionExists.c.o   -c /home/hal4dan/soft/clion-2019.2/bin/cmake/linux/share/cmake-3.14/Modules/CheckFunctionExists.c
Linking C executable cmTC_1a9f5
/home/hal4dan/soft/clion-2019.2/bin/cmake/linux/bin/cmake -E cmake_link_script CMakeFiles/cmTC_1a9f5.dir/link.txt --verbose=1
/usr/bin/cc  -DCHECK_FUNCTION_EXISTS=pthread_create    CMakeFiles/cmTC_1a9f5.dir/CheckFunctionExists.c.o  -o cmTC_1a9f5 -lpthreads 
/usr/bin/ld: cannot find -lpthreads
collect2: error: ld returned 1 exit status
CMakeFiles/cmTC_1a9f5.dir/build.make:86: recipe for target 'cmTC_1a9f5' failed
make[1]: *** [cmTC_1a9f5] Error 1
make[1]: выход из каталога «/home/hal4dan/code/C++/paricmacher/cmake-build-debug/CMakeFiles/CMakeTmp»
Makefile:121: recipe for target 'cmTC_1a9f5/fast' failed
make: *** [cmTC_1a9f5/fast] Error 2


