Determining if the pthread_create exist failed with the following output:
Change Dir: /home/hal4dan/code/C++/barber/cmake-build-debug/CMakeFiles/CMakeTmp

Run Build Command(s):/usr/bin/make cmTC_e392d/fast 
make[1]: вход в каталог «/home/hal4dan/code/C++/barber/cmake-build-debug/CMakeFiles/CMakeTmp»
/usr/bin/make -f CMakeFiles/cmTC_e392d.dir/build.make CMakeFiles/cmTC_e392d.dir/build
make[2]: вход в каталог «/home/hal4dan/code/C++/barber/cmake-build-debug/CMakeFiles/CMakeTmp»
Building C object CMakeFiles/cmTC_e392d.dir/CheckSymbolExists.c.o
/usr/bin/cc    -o CMakeFiles/cmTC_e392d.dir/CheckSymbolExists.c.o   -c /home/hal4dan/code/C++/barber/cmake-build-debug/CMakeFiles/CMakeTmp/CheckSymbolExists.c
Linking C executable cmTC_e392d
/home/hal4dan/soft/clion-2019.2/bin/cmake/linux/bin/cmake -E cmake_link_script CMakeFiles/cmTC_e392d.dir/link.txt --verbose=1
/usr/bin/cc      CMakeFiles/cmTC_e392d.dir/CheckSymbolExists.c.o  -o cmTC_e392d 
CMakeFiles/cmTC_e392d.dir/CheckSymbolExists.c.o: In function `main':
CheckSymbolExists.c:(.text+0x1b): undefined reference to `pthread_create'
collect2: error: ld returned 1 exit status
CMakeFiles/cmTC_e392d.dir/build.make:86: recipe for target 'cmTC_e392d' failed
make[2]: *** [cmTC_e392d] Error 1
make[2]: выход из каталога «/home/hal4dan/code/C++/barber/cmake-build-debug/CMakeFiles/CMakeTmp»
Makefile:121: recipe for target 'cmTC_e392d/fast' failed
make[1]: *** [cmTC_e392d/fast] Error 2
make[1]: выход из каталога «/home/hal4dan/code/C++/barber/cmake-build-debug/CMakeFiles/CMakeTmp»

File /home/hal4dan/code/C++/barber/cmake-build-debug/CMakeFiles/CMakeTmp/CheckSymbolExists.c:
/* */
#include <pthread.h>

int main(int argc, char** argv)
{
  (void)argv;
#ifndef pthread_create
  return ((int*)(&pthread_create))[argc];
#else
  (void)argc;
  return 0;
#endif
}

Determining if the function pthread_create exists in the pthreads failed with the following output:
Change Dir: /home/hal4dan/code/C++/barber/cmake-build-debug/CMakeFiles/CMakeTmp

Run Build Command(s):/usr/bin/make cmTC_1c850/fast 
make[1]: вход в каталог «/home/hal4dan/code/C++/barber/cmake-build-debug/CMakeFiles/CMakeTmp»
/usr/bin/make -f CMakeFiles/cmTC_1c850.dir/build.make CMakeFiles/cmTC_1c850.dir/build
make[2]: вход в каталог «/home/hal4dan/code/C++/barber/cmake-build-debug/CMakeFiles/CMakeTmp»
Building C object CMakeFiles/cmTC_1c850.dir/CheckFunctionExists.c.o
/usr/bin/cc   -DCHECK_FUNCTION_EXISTS=pthread_create   -o CMakeFiles/cmTC_1c850.dir/CheckFunctionExists.c.o   -c /home/hal4dan/soft/clion-2019.2/bin/cmake/linux/share/cmake-3.14/Modules/CheckFunctionExists.c
Linking C executable cmTC_1c850
/home/hal4dan/soft/clion-2019.2/bin/cmake/linux/bin/cmake -E cmake_link_script CMakeFiles/cmTC_1c850.dir/link.txt --verbose=1
/usr/bin/cc  -DCHECK_FUNCTION_EXISTS=pthread_create    CMakeFiles/cmTC_1c850.dir/CheckFunctionExists.c.o  -o cmTC_1c850 -lpthreads 
/usr/bin/ld: cannot find -lpthreads
collect2: error: ld returned 1 exit status
CMakeFiles/cmTC_1c850.dir/build.make:86: recipe for target 'cmTC_1c850' failed
make[2]: *** [cmTC_1c850] Error 1
make[2]: выход из каталога «/home/hal4dan/code/C++/barber/cmake-build-debug/CMakeFiles/CMakeTmp»
Makefile:121: recipe for target 'cmTC_1c850/fast' failed
make[1]: *** [cmTC_1c850/fast] Error 2
make[1]: выход из каталога «/home/hal4dan/code/C++/barber/cmake-build-debug/CMakeFiles/CMakeTmp»


