Determining if the pthread_create exist failed with the following output:
Change Dir: /home/hal4dan/code/C++/philosofi/cmake-build-debug/CMakeFiles/CMakeTmp

Run Build Command(s):/usr/bin/make cmTC_dd8ea/fast 
make[1]: вход в каталог «/home/hal4dan/code/C++/philosofi/cmake-build-debug/CMakeFiles/CMakeTmp»
/usr/bin/make -f CMakeFiles/cmTC_dd8ea.dir/build.make CMakeFiles/cmTC_dd8ea.dir/build
make[2]: вход в каталог «/home/hal4dan/code/C++/philosofi/cmake-build-debug/CMakeFiles/CMakeTmp»
Building C object CMakeFiles/cmTC_dd8ea.dir/CheckSymbolExists.c.o
/usr/bin/cc    -o CMakeFiles/cmTC_dd8ea.dir/CheckSymbolExists.c.o   -c /home/hal4dan/code/C++/philosofi/cmake-build-debug/CMakeFiles/CMakeTmp/CheckSymbolExists.c
Linking C executable cmTC_dd8ea
/home/hal4dan/soft/clion-2019.2/bin/cmake/linux/bin/cmake -E cmake_link_script CMakeFiles/cmTC_dd8ea.dir/link.txt --verbose=1
/usr/bin/cc      CMakeFiles/cmTC_dd8ea.dir/CheckSymbolExists.c.o  -o cmTC_dd8ea 
CMakeFiles/cmTC_dd8ea.dir/CheckSymbolExists.c.o: In function `main':
CheckSymbolExists.c:(.text+0x1b): undefined reference to `pthread_create'
collect2: error: ld returned 1 exit status
CMakeFiles/cmTC_dd8ea.dir/build.make:86: recipe for target 'cmTC_dd8ea' failed
make[2]: *** [cmTC_dd8ea] Error 1
make[2]: выход из каталога «/home/hal4dan/code/C++/philosofi/cmake-build-debug/CMakeFiles/CMakeTmp»
Makefile:121: recipe for target 'cmTC_dd8ea/fast' failed
make[1]: *** [cmTC_dd8ea/fast] Error 2
make[1]: выход из каталога «/home/hal4dan/code/C++/philosofi/cmake-build-debug/CMakeFiles/CMakeTmp»

File /home/hal4dan/code/C++/philosofi/cmake-build-debug/CMakeFiles/CMakeTmp/CheckSymbolExists.c:
/* */
#include <pthread.h>

int main(int argc, char** argv)
{
  (void)argv;
#ifndef pthread_create
  return ((int*)(&pthread_create))[argc];
#else
  (void)argc;
  return 0;
#endif
}

Determining if the function pthread_create exists in the pthreads failed with the following output:
Change Dir: /home/hal4dan/code/C++/philosofi/cmake-build-debug/CMakeFiles/CMakeTmp

Run Build Command(s):/usr/bin/make cmTC_18c86/fast 
make[1]: вход в каталог «/home/hal4dan/code/C++/philosofi/cmake-build-debug/CMakeFiles/CMakeTmp»
/usr/bin/make -f CMakeFiles/cmTC_18c86.dir/build.make CMakeFiles/cmTC_18c86.dir/build
make[2]: вход в каталог «/home/hal4dan/code/C++/philosofi/cmake-build-debug/CMakeFiles/CMakeTmp»
Building C object CMakeFiles/cmTC_18c86.dir/CheckFunctionExists.c.o
/usr/bin/cc   -DCHECK_FUNCTION_EXISTS=pthread_create   -o CMakeFiles/cmTC_18c86.dir/CheckFunctionExists.c.o   -c /home/hal4dan/soft/clion-2019.2/bin/cmake/linux/share/cmake-3.14/Modules/CheckFunctionExists.c
Linking C executable cmTC_18c86
/home/hal4dan/soft/clion-2019.2/bin/cmake/linux/bin/cmake -E cmake_link_script CMakeFiles/cmTC_18c86.dir/link.txt --verbose=1
/usr/bin/cc  -DCHECK_FUNCTION_EXISTS=pthread_create    CMakeFiles/cmTC_18c86.dir/CheckFunctionExists.c.o  -o cmTC_18c86 -lpthreads 
/usr/bin/ld: cannot find -lpthreads
collect2: error: ld returned 1 exit status
CMakeFiles/cmTC_18c86.dir/build.make:86: recipe for target 'cmTC_18c86' failed
make[2]: *** [cmTC_18c86] Error 1
make[2]: выход из каталога «/home/hal4dan/code/C++/philosofi/cmake-build-debug/CMakeFiles/CMakeTmp»
Makefile:121: recipe for target 'cmTC_18c86/fast' failed
make[1]: *** [cmTC_18c86/fast] Error 2
make[1]: выход из каталога «/home/hal4dan/code/C++/philosofi/cmake-build-debug/CMakeFiles/CMakeTmp»


